(venv) march_ghurbal_2025@cloudshell:~/akbar_quiz_app (quiz-app-april-2025)$ python ./src/import_chapter_quizzes.py 
2025-04-28 21:56:59,521 - INFO - Initializing Django...
INFO Django initialized successfully.
INFO Starting quiz import process...
INFO Current working directory: /home/march_ghurbal_2025/akbar_quiz_app
Current working directory: /home/march_ghurbal_2025/akbar_quiz_app
Enter the path to the quiz bank file (e.g., 'data/quiz_bank.pkl'): ./QUIZ_COLLECTIONS/650QA_QUIZ_BANK_01.pkl
INFO Loading quiz bank from: ./QUIZ_COLLECTIONS/650QA_QUIZ_BANK_01.pkl
INFO Available columns in quiz bank: chapter_no, question_text, options, answerIndex, topic, IDX
INFO Quiz bank loaded successfully with 665 questions
INFO Chapters: 14 unique chapters
INFO Topics: 656 unique topics
INFO Processing 14 chapters. Default settings: 20 questions/quiz, 2 quizzes/chapter (target). Max quizzes: 5, Min coverage: 40%, Single quiz threshold factor: 1.3.
INFO 
--- Processing Chapter 1: 29 questions available ---
INFO Decision: Default 2 quizzes sufficient for 40% coverage. (Min needed: 11 questions).
INFO Final plan for Chapter 1: Create 2 quizzes, aiming for 20 questions each.
INFO Using chapter prefix: '01 '
INFO Chapter title: Chapter 1
INFO Primary topic: Django Model Role
2025/04/28 21:57:28 [quiz-app-april-2025:us-central1:quiz-app-db] accepted connection from 127.0.0.1:53060
INFO Creating quiz '01 Chapter 1: Django Model Role - Quiz 1' with 20 questions (Topic: Django Model Role)
INFO Successfully created '01 Chapter 1: Django Model Role - Quiz 1' with 20 questions.
WARNING Only 9 unique questions left for '01 Chapter 1: Django Model Role - Quiz 2'. Expected 20. Using available.
INFO Creating quiz '01 Chapter 1: Django Model Role - Quiz 2' with 9 questions (Topic: Django Model Role)
INFO Successfully created '01 Chapter 1: Django Model Role - Quiz 2' with 9 questions.
INFO --- Finished Chapter 1. Used 29 questions out of 29 available. ---
INFO 
--- Processing Chapter 2: 54 questions available ---
INFO Decision: Default 2 quizzes sufficient for 40% coverage. (Min needed: 21 questions).
INFO Final plan for Chapter 2: Create 2 quizzes, aiming for 20 questions each.
INFO Using chapter prefix: '02 '
INFO Chapter title: Chapter 2
INFO Primary topic: Django Abstract Base Class
INFO Creating quiz '02 Chapter 2: Django Abstract Base Class - Quiz 1' with 20 questions (Topic: Django Abstract Base Class)
INFO Successfully created '02 Chapter 2: Django Abstract Base Class - Quiz 1' with 20 questions.
INFO Creating quiz '02 Chapter 2: Django Abstract Base Class - Quiz 2' with 20 questions (Topic: Django Abstract Base Class)
INFO Successfully created '02 Chapter 2: Django Abstract Base Class - Quiz 2' with 20 questions.
INFO --- Finished Chapter 2. Used 40 questions out of 54 available. ---
INFO 
--- Processing Chapter 3: 59 questions available ---
INFO Decision: Default 2 quizzes sufficient for 40% coverage. (Min needed: 23 questions).
INFO Final plan for Chapter 3: Create 2 quizzes, aiming for 20 questions each.
INFO Using chapter prefix: '03 '
INFO Chapter title: Chapter 3
INFO Primary topic: Django View Responsibility
INFO Creating quiz '03 Chapter 3: Django View Responsibility - Quiz 1' with 20 questions (Topic: Django View Responsibility)
INFO Successfully created '03 Chapter 3: Django View Responsibility - Quiz 1' with 20 questions.
INFO Creating quiz '03 Chapter 3: Django View Responsibility - Quiz 2' with 20 questions (Topic: Django View Responsibility)
INFO Successfully created '03 Chapter 3: Django View Responsibility - Quiz 2' with 20 questions.
INFO --- Finished Chapter 3. Used 40 questions out of 59 available. ---
INFO 
--- Processing Chapter 4: 70 questions available ---
INFO Decision: Default 2 quizzes sufficient for 40% coverage. (Min needed: 28 questions).
INFO Final plan for Chapter 4: Create 2 quizzes, aiming for 20 questions each.
INFO Using chapter prefix: '04 '
INFO Chapter title: Chapter 4
INFO Primary topic: Django Sync To Async
INFO Creating quiz '04 Chapter 4: Django Sync To Async - Quiz 1' with 20 questions (Topic: Django Sync To Async)
INFO Successfully created '04 Chapter 4: Django Sync To Async - Quiz 1' with 20 questions.
INFO Creating quiz '04 Chapter 4: Django Sync To Async - Quiz 2' with 20 questions (Topic: Django Sync To Async)
INFO Successfully created '04 Chapter 4: Django Sync To Async - Quiz 2' with 20 questions.
INFO --- Finished Chapter 4. Used 40 questions out of 70 available. ---
INFO 
--- Processing Chapter 5: 29 questions available ---
INFO Decision: Default 2 quizzes sufficient for 40% coverage. (Min needed: 11 questions).
INFO Final plan for Chapter 5: Create 2 quizzes, aiming for 20 questions each.
INFO Using chapter prefix: '05 '
INFO Chapter title: Chapter 5
INFO Primary topic: Django Forms Role
INFO Creating quiz '05 Chapter 5: Django Forms Role - Quiz 1' with 20 questions (Topic: Django Forms Role)
INFO Successfully created '05 Chapter 5: Django Forms Role - Quiz 1' with 20 questions.
WARNING Only 9 unique questions left for '05 Chapter 5: Django Forms Role - Quiz 2'. Expected 20. Using available.
INFO Creating quiz '05 Chapter 5: Django Forms Role - Quiz 2' with 9 questions (Topic: Django Forms Role)
INFO Successfully created '05 Chapter 5: Django Forms Role - Quiz 2' with 9 questions.
INFO --- Finished Chapter 5. Used 29 questions out of 29 available. ---
INFO 
--- Processing Chapter 6: 49 questions available ---
INFO Decision: Default 2 quizzes sufficient for 40% coverage. (Min needed: 19 questions).
INFO Final plan for Chapter 6: Create 2 quizzes, aiming for 20 questions each.
INFO Using chapter prefix: '06 '
INFO Chapter title: Chapter 6
INFO Primary topic: Django Template Layer Role
INFO Creating quiz '06 Chapter 6: Django Template Layer Role - Quiz 1' with 20 questions (Topic: Django Template Layer Role)
INFO Successfully created '06 Chapter 6: Django Template Layer Role - Quiz 1' with 20 questions.
INFO Creating quiz '06 Chapter 6: Django Template Layer Role - Quiz 2' with 20 questions (Topic: Django Template Layer Role)
INFO Successfully created '06 Chapter 6: Django Template Layer Role - Quiz 2' with 20 questions.
INFO --- Finished Chapter 6. Used 40 questions out of 49 available. ---
INFO 
--- Processing Chapter 7: 43 questions available ---
INFO Decision: Default 2 quizzes sufficient for 40% coverage. (Min needed: 17 questions).
INFO Final plan for Chapter 7: Create 2 quizzes, aiming for 20 questions each.
INFO Using chapter prefix: '07 '
INFO Chapter title: Chapter 7
INFO Primary topic: Authentication vs Authorization
INFO Creating quiz '07 Chapter 7: Authentication vs Authorization - Quiz 1' with 20 questions (Topic: Authentication vs Authorization)
INFO Successfully created '07 Chapter 7: Authentication vs Authorization - Quiz 1' with 20 questions.
INFO Creating quiz '07 Chapter 7: Authentication vs Authorization - Quiz 2' with 20 questions (Topic: Authentication vs Authorization)
INFO Successfully created '07 Chapter 7: Authentication vs Authorization - Quiz 2' with 20 questions.
INFO --- Finished Chapter 7. Used 40 questions out of 43 available. ---
INFO 
--- Processing Chapter 8: 47 questions available ---
INFO Decision: Default 2 quizzes sufficient for 40% coverage. (Min needed: 18 questions).
INFO Final plan for Chapter 8: Create 2 quizzes, aiming for 20 questions each.
INFO Using chapter prefix: '08 '
INFO Chapter title: Chapter 8
INFO Primary topic: HTMX Primary Goal
INFO Creating quiz '08 Chapter 8: HTMX Primary Goal - Quiz 1' with 20 questions (Topic: HTMX Primary Goal)
INFO Successfully created '08 Chapter 8: HTMX Primary Goal - Quiz 1' with 20 questions.
INFO Creating quiz '08 Chapter 8: HTMX Primary Goal - Quiz 2' with 20 questions (Topic: HTMX Primary Goal)
INFO Successfully created '08 Chapter 8: HTMX Primary Goal - Quiz 2' with 20 questions.
INFO --- Finished Chapter 8. Used 40 questions out of 47 available. ---
INFO 
--- Processing Chapter 9: 51 questions available ---
INFO Decision: Default 2 quizzes sufficient for 40% coverage. (Min needed: 20 questions).
INFO Final plan for Chapter 9: Create 2 quizzes, aiming for 20 questions each.
INFO Using chapter prefix: '09 '
INFO Chapter title: Chapter 9
INFO Primary topic: HTMX Update Multiple Elements
INFO Creating quiz '09 Chapter 9: HTMX Update Multiple Elements - Quiz 1' with 20 questions (Topic: HTMX Update Multiple Elements)
INFO Successfully created '09 Chapter 9: HTMX Update Multiple Elements - Quiz 1' with 20 questions.
INFO Creating quiz '09 Chapter 9: HTMX Update Multiple Elements - Quiz 2' with 20 questions (Topic: HTMX Update Multiple Elements)
INFO Successfully created '09 Chapter 9: HTMX Update Multiple Elements - Quiz 2' with 20 questions.
INFO --- Finished Chapter 9. Used 40 questions out of 51 available. ---
INFO 
--- Processing Chapter 10: 35 questions available ---
INFO Decision: Default 2 quizzes sufficient for 40% coverage. (Min needed: 14 questions).
INFO Final plan for Chapter 10: Create 2 quizzes, aiming for 20 questions each.
INFO Using chapter prefix: '10 '
INFO Chapter title: Chapter 10
INFO Primary topic: Alpine.js Primary Characteristic
INFO Creating quiz '10 Chapter 10: Alpine.js Primary Characteristic - Quiz 1' with 20 questions (Topic: Alpine.js Primary Characteristic)
INFO Successfully created '10 Chapter 10: Alpine.js Primary Characteristic - Quiz 1' with 20 questions.
WARNING Only 15 unique questions left for '10 Chapter 10: Alpine.js Primary Characteristic - Quiz 2'. Expected 20. Using available.
INFO Creating quiz '10 Chapter 10: Alpine.js Primary Characteristic - Quiz 2' with 15 questions (Topic: Alpine.js Primary Characteristic)
INFO Successfully created '10 Chapter 10: Alpine.js Primary Characteristic - Quiz 2' with 15 questions.
INFO --- Finished Chapter 10. Used 35 questions out of 35 available. ---
INFO 
--- Processing Chapter 11: 38 questions available ---
INFO Decision: Default 2 quizzes sufficient for 40% coverage. (Min needed: 15 questions).
INFO Final plan for Chapter 11: Create 2 quizzes, aiming for 20 questions each.
INFO Using chapter prefix: '11 '
INFO Chapter title: Chapter 11
INFO Primary topic: ('What is the primary purpose of the `x-model` directive in Alpine.js?', 'Alpine.js x-model Directive')
INFO Creating quiz '11 Chapter 11: ('What is the primary purpose of the `x-model` directive in Alpine.js?', 'Alpine.js x-model Directive') - Quiz 1' with 20 questions (Topic: ('What is the primary purpose of the `x-model` directive in Alpine.js?', 'Alpine.js x-model Directive'))
ERROR Error creating quiz '11 Chapter 11: ('What is the primary purpose of the `x-model` directive in Alpine.js?', 'Alpine.js x-model Directive') - Quiz 1': value too long for type character varying(100)

ERROR Traceback (most recent call last):
  File "/home/march_ghurbal_2025/akbar_quiz_app/venv/lib/python3.12/site-packages/django/db/models/query.py", line 946, in get_or_create
    return self.get(**kwargs), False
           ^^^^^^^^^^^^^^^^^^
  File "/home/march_ghurbal_2025/akbar_quiz_app/venv/lib/python3.12/site-packages/django/db/models/query.py", line 633, in get
    raise self.model.DoesNotExist(
multi_choice_quiz.models.Topic.DoesNotExist: Topic matching query does not exist.

During handling of the above exception, another exception occurred:

Traceback (most recent call last):
  File "/home/march_ghurbal_2025/akbar_quiz_app/venv/lib/python3.12/site-packages/django/db/backends/utils.py", line 105, in _execute
    return self.cursor.execute(sql, params)
           ^^^^^^^^^^^^^^^^^^^^^^^^^^^^^^^^
psycopg2.errors.StringDataRightTruncation: value too long for type character varying(100)


The above exception was the direct cause of the following exception:

Traceback (most recent call last):
  File "/home/march_ghurbal_2025/akbar_quiz_app/./src/import_chapter_quizzes.py", line 297, in import_questions_by_chapter
    quiz = import_from_dataframe(
           ^^^^^^^^^^^^^^^^^^^^^^
  File "/home/march_ghurbal_2025/akbar_quiz_app/src/multi_choice_quiz/utils.py", line 63, in import_from_dataframe
    return quiz_bank_to_models(quiz_data, quiz_title, topic_name)
           ^^^^^^^^^^^^^^^^^^^^^^^^^^^^^^^^^^^^^^^^^^^^^^^^^^^^^^
  File "/home/march_ghurbal_2025/akbar_quiz_app/src/multi_choice_quiz/transform.py", line 37, in quiz_bank_to_models
    topic, _ = Topic.objects.get_or_create(name=topic_name)
               ^^^^^^^^^^^^^^^^^^^^^^^^^^^^^^^^^^^^^^^^^^^^
  File "/home/march_ghurbal_2025/akbar_quiz_app/venv/lib/python3.12/site-packages/django/db/models/manager.py", line 87, in manager_method
    return getattr(self.get_queryset(), name)(*args, **kwargs)
           ^^^^^^^^^^^^^^^^^^^^^^^^^^^^^^^^^^^^^^^^^^^^^^^^^^^
  File "/home/march_ghurbal_2025/akbar_quiz_app/venv/lib/python3.12/site-packages/django/db/models/query.py", line 953, in get_or_create
    return self.create(**params), True
           ^^^^^^^^^^^^^^^^^^^^^
  File "/home/march_ghurbal_2025/akbar_quiz_app/venv/lib/python3.12/site-packages/django/db/models/query.py", line 663, in create
    obj.save(force_insert=True, using=self.db)
  File "/home/march_ghurbal_2025/akbar_quiz_app/venv/lib/python3.12/site-packages/django/db/models/base.py", line 902, in save
    self.save_base(
  File "/home/march_ghurbal_2025/akbar_quiz_app/venv/lib/python3.12/site-packages/django/db/models/base.py", line 1008, in save_base
    updated = self._save_table(
              ^^^^^^^^^^^^^^^^^
  File "/home/march_ghurbal_2025/akbar_quiz_app/venv/lib/python3.12/site-packages/django/db/models/base.py", line 1169, in _save_table
    results = self._do_insert(
              ^^^^^^^^^^^^^^^^
  File "/home/march_ghurbal_2025/akbar_quiz_app/venv/lib/python3.12/site-packages/django/db/models/base.py", line 1210, in _do_insert
    return manager._insert(
           ^^^^^^^^^^^^^^^^
  File "/home/march_ghurbal_2025/akbar_quiz_app/venv/lib/python3.12/site-packages/django/db/models/manager.py", line 87, in manager_method
    return getattr(self.get_queryset(), name)(*args, **kwargs)
           ^^^^^^^^^^^^^^^^^^^^^^^^^^^^^^^^^^^^^^^^^^^^^^^^^^^
  File "/home/march_ghurbal_2025/akbar_quiz_app/venv/lib/python3.12/site-packages/django/db/models/query.py", line 1854, in _insert
    return query.get_compiler(using=using).execute_sql(returning_fields)
           ^^^^^^^^^^^^^^^^^^^^^^^^^^^^^^^^^^^^^^^^^^^^^^^^^^^^^^^^^^^^^
  File "/home/march_ghurbal_2025/akbar_quiz_app/venv/lib/python3.12/site-packages/django/db/models/sql/compiler.py", line 1881, in execute_sql
    cursor.execute(sql, params)
  File "/home/march_ghurbal_2025/akbar_quiz_app/venv/lib/python3.12/site-packages/django/db/backends/utils.py", line 79, in execute
    return self._execute_with_wrappers(
           ^^^^^^^^^^^^^^^^^^^^^^^^^^^^
  File "/home/march_ghurbal_2025/akbar_quiz_app/venv/lib/python3.12/site-packages/django/db/backends/utils.py", line 92, in _execute_with_wrappers
    return executor(sql, params, many, context)
           ^^^^^^^^^^^^^^^^^^^^^^^^^^^^^^^^^^^^
  File "/home/march_ghurbal_2025/akbar_quiz_app/venv/lib/python3.12/site-packages/django/db/backends/utils.py", line 100, in _execute
    with self.db.wrap_database_errors:
  File "/home/march_ghurbal_2025/akbar_quiz_app/venv/lib/python3.12/site-packages/django/db/utils.py", line 91, in __exit__
    raise dj_exc_value.with_traceback(traceback) from exc_value
  File "/home/march_ghurbal_2025/akbar_quiz_app/venv/lib/python3.12/site-packages/django/db/backends/utils.py", line 105, in _execute
    return self.cursor.execute(sql, params)
           ^^^^^^^^^^^^^^^^^^^^^^^^^^^^^^^^
django.db.utils.DataError: value too long for type character varying(100)


WARNING Only 18 unique questions left for '11 Chapter 11: ('What is the primary purpose of the `x-model` directive in Alpine.js?', 'Alpine.js x-model Directive') - Quiz 2'. Expected 20. Using available.
INFO Creating quiz '11 Chapter 11: ('What is the primary purpose of the `x-model` directive in Alpine.js?', 'Alpine.js x-model Directive') - Quiz 2' with 18 questions (Topic: ('What is the primary purpose of the `x-model` directive in Alpine.js?', 'Alpine.js x-model Directive'))
ERROR Error creating quiz '11 Chapter 11: ('What is the primary purpose of the `x-model` directive in Alpine.js?', 'Alpine.js x-model Directive') - Quiz 2': value too long for type character varying(100)

ERROR Traceback (most recent call last):
  File "/home/march_ghurbal_2025/akbar_quiz_app/venv/lib/python3.12/site-packages/django/db/models/query.py", line 946, in get_or_create
    return self.get(**kwargs), False
           ^^^^^^^^^^^^^^^^^^
  File "/home/march_ghurbal_2025/akbar_quiz_app/venv/lib/python3.12/site-packages/django/db/models/query.py", line 633, in get
    raise self.model.DoesNotExist(
multi_choice_quiz.models.Topic.DoesNotExist: Topic matching query does not exist.

During handling of the above exception, another exception occurred:

Traceback (most recent call last):
  File "/home/march_ghurbal_2025/akbar_quiz_app/venv/lib/python3.12/site-packages/django/db/backends/utils.py", line 105, in _execute
    return self.cursor.execute(sql, params)
           ^^^^^^^^^^^^^^^^^^^^^^^^^^^^^^^^
psycopg2.errors.StringDataRightTruncation: value too long for type character varying(100)


The above exception was the direct cause of the following exception:

Traceback (most recent call last):
  File "/home/march_ghurbal_2025/akbar_quiz_app/./src/import_chapter_quizzes.py", line 297, in import_questions_by_chapter
    quiz = import_from_dataframe(
           ^^^^^^^^^^^^^^^^^^^^^^
  File "/home/march_ghurbal_2025/akbar_quiz_app/src/multi_choice_quiz/utils.py", line 63, in import_from_dataframe
    return quiz_bank_to_models(quiz_data, quiz_title, topic_name)
           ^^^^^^^^^^^^^^^^^^^^^^^^^^^^^^^^^^^^^^^^^^^^^^^^^^^^^^
  File "/home/march_ghurbal_2025/akbar_quiz_app/src/multi_choice_quiz/transform.py", line 37, in quiz_bank_to_models
    topic, _ = Topic.objects.get_or_create(name=topic_name)
               ^^^^^^^^^^^^^^^^^^^^^^^^^^^^^^^^^^^^^^^^^^^^
  File "/home/march_ghurbal_2025/akbar_quiz_app/venv/lib/python3.12/site-packages/django/db/models/manager.py", line 87, in manager_method
    return getattr(self.get_queryset(), name)(*args, **kwargs)
           ^^^^^^^^^^^^^^^^^^^^^^^^^^^^^^^^^^^^^^^^^^^^^^^^^^^
  File "/home/march_ghurbal_2025/akbar_quiz_app/venv/lib/python3.12/site-packages/django/db/models/query.py", line 953, in get_or_create
    return self.create(**params), True
           ^^^^^^^^^^^^^^^^^^^^^
  File "/home/march_ghurbal_2025/akbar_quiz_app/venv/lib/python3.12/site-packages/django/db/models/query.py", line 663, in create
    obj.save(force_insert=True, using=self.db)
  File "/home/march_ghurbal_2025/akbar_quiz_app/venv/lib/python3.12/site-packages/django/db/models/base.py", line 902, in save
    self.save_base(
  File "/home/march_ghurbal_2025/akbar_quiz_app/venv/lib/python3.12/site-packages/django/db/models/base.py", line 1008, in save_base
    updated = self._save_table(
              ^^^^^^^^^^^^^^^^^
  File "/home/march_ghurbal_2025/akbar_quiz_app/venv/lib/python3.12/site-packages/django/db/models/base.py", line 1169, in _save_table
    results = self._do_insert(
              ^^^^^^^^^^^^^^^^
  File "/home/march_ghurbal_2025/akbar_quiz_app/venv/lib/python3.12/site-packages/django/db/models/base.py", line 1210, in _do_insert
    return manager._insert(
           ^^^^^^^^^^^^^^^^
  File "/home/march_ghurbal_2025/akbar_quiz_app/venv/lib/python3.12/site-packages/django/db/models/manager.py", line 87, in manager_method
    return getattr(self.get_queryset(), name)(*args, **kwargs)
           ^^^^^^^^^^^^^^^^^^^^^^^^^^^^^^^^^^^^^^^^^^^^^^^^^^^
  File "/home/march_ghurbal_2025/akbar_quiz_app/venv/lib/python3.12/site-packages/django/db/models/query.py", line 1854, in _insert
    return query.get_compiler(using=using).execute_sql(returning_fields)
           ^^^^^^^^^^^^^^^^^^^^^^^^^^^^^^^^^^^^^^^^^^^^^^^^^^^^^^^^^^^^^
  File "/home/march_ghurbal_2025/akbar_quiz_app/venv/lib/python3.12/site-packages/django/db/models/sql/compiler.py", line 1881, in execute_sql
    cursor.execute(sql, params)
  File "/home/march_ghurbal_2025/akbar_quiz_app/venv/lib/python3.12/site-packages/django/db/backends/utils.py", line 79, in execute
    return self._execute_with_wrappers(
           ^^^^^^^^^^^^^^^^^^^^^^^^^^^^
  File "/home/march_ghurbal_2025/akbar_quiz_app/venv/lib/python3.12/site-packages/django/db/backends/utils.py", line 92, in _execute_with_wrappers
    return executor(sql, params, many, context)
           ^^^^^^^^^^^^^^^^^^^^^^^^^^^^^^^^^^^^
  File "/home/march_ghurbal_2025/akbar_quiz_app/venv/lib/python3.12/site-packages/django/db/backends/utils.py", line 100, in _execute
    with self.db.wrap_database_errors:
  File "/home/march_ghurbal_2025/akbar_quiz_app/venv/lib/python3.12/site-packages/django/db/utils.py", line 91, in __exit__
    raise dj_exc_value.with_traceback(traceback) from exc_value
  File "/home/march_ghurbal_2025/akbar_quiz_app/venv/lib/python3.12/site-packages/django/db/backends/utils.py", line 105, in _execute
    return self.cursor.execute(sql, params)
           ^^^^^^^^^^^^^^^^^^^^^^^^^^^^^^^^
django.db.utils.DataError: value too long for type character varying(100)


INFO --- Finished Chapter 11. Used 38 questions out of 38 available. ---
INFO 
--- Processing Chapter 12: 24 questions available ---
INFO Decision: Chapter 12 has only 24 questions (threshold: 26.0). Creating a single quiz with all 24 questions.
INFO Using chapter prefix: '12 '
INFO Chapter title: Chapter 12
INFO Primary topic: Synergy Django HTMX Alpine
INFO Creating quiz '12 Chapter 12: Synergy Django HTMX Alpine - Quiz 1' with 24 questions (Topic: Synergy Django HTMX Alpine)
INFO Successfully created '12 Chapter 12: Synergy Django HTMX Alpine - Quiz 1' with 24 questions.
INFO --- Finished Chapter 12. Used 24 questions out of 24 available. ---
INFO 
--- Processing Chapter 13: 74 questions available ---
INFO Decision: Default 2 quizzes sufficient for 40% coverage. (Min needed: 29 questions).
INFO Final plan for Chapter 13: Create 2 quizzes, aiming for 20 questions each.
INFO Using chapter prefix: '13 '
INFO Chapter title: Chapter 13
INFO Primary topic: GCP Django Deployment Benefit
INFO Creating quiz '13 Chapter 13: GCP Django Deployment Benefit - Quiz 1' with 20 questions (Topic: GCP Django Deployment Benefit)
INFO Successfully created '13 Chapter 13: GCP Django Deployment Benefit - Quiz 1' with 20 questions.
INFO Creating quiz '13 Chapter 13: GCP Django Deployment Benefit - Quiz 2' with 20 questions (Topic: GCP Django Deployment Benefit)
INFO Successfully created '13 Chapter 13: GCP Django Deployment Benefit - Quiz 2' with 20 questions.
INFO --- Finished Chapter 13. Used 40 questions out of 74 available. ---
INFO 
--- Processing Chapter 14: 63 questions available ---
INFO Decision: Default 2 quizzes sufficient for 40% coverage. (Min needed: 25 questions).
INFO Final plan for Chapter 14: Create 2 quizzes, aiming for 20 questions each.
INFO Using chapter prefix: '14 '
INFO Chapter title: Chapter 14
INFO Primary topic: Django Infrastructure Beyond MVT
INFO Creating quiz '14 Chapter 14: Django Infrastructure Beyond MVT - Quiz 1' with 20 questions (Topic: Django Infrastructure Beyond MVT)
INFO Successfully created '14 Chapter 14: Django Infrastructure Beyond MVT - Quiz 1' with 20 questions.
INFO Creating quiz '14 Chapter 14: Django Infrastructure Beyond MVT - Quiz 2' with 20 questions (Topic: Django Infrastructure Beyond MVT)
INFO Successfully created '14 Chapter 14: Django Infrastructure Beyond MVT - Quiz 2' with 20 questions.
INFO --- Finished Chapter 14. Used 40 questions out of 63 available. ---
INFO 
=== Import Process Summary ===
INFO Total quizzes created: 25
INFO Total questions imported: 477
INFO ==============================
INFO 
Import process completed
INFO Created 25 quizzes with a total of 477 questions
INFO 
Database Summary:
INFO Total Quizzes: 29
INFO Total Questions: 547
INFO Total Options: 2735
INFO Total Topics: 16
INFO 
Quizzes by chapter:
INFO - 01 Chapter 1: Django Model Role - Quiz 1: 20 questions
INFO - 01 Chapter 1: Django Model Role - Quiz 2: 9 questions
INFO - 01 Cloud Run 01: Django Cloud Run Benefit - Quiz 1: 21 questions
INFO - 02 Chapter 2: Django Abstract Base Class - Quiz 1: 20 questions
INFO - 02 Chapter 2: Django Abstract Base Class - Quiz 2: 20 questions
INFO - 02 Cloud Run 02: Django Cloud Run Container Advantage - Quiz 1: 21 questions
INFO - 03 Chapter 3: Django View Responsibility - Quiz 1: 20 questions
INFO - 03 Chapter 3: Django View Responsibility - Quiz 2: 20 questions
INFO - 03 Essential Django Authentication and Authorization: Django Auth INSTALLED_APPS - Quiz 1: 20 questions
INFO - 03 Essential Django Authentication and Authorization: Django Auth INSTALLED_APPS - Quiz 2: 8 questions
INFO - 04 Chapter 4: Django Sync To Async - Quiz 1: 20 questions
INFO - 04 Chapter 4: Django Sync To Async - Quiz 2: 20 questions
INFO - 05 Chapter 5: Django Forms Role - Quiz 1: 20 questions
INFO - 05 Chapter 5: Django Forms Role - Quiz 2: 9 questions
INFO - 06 Chapter 6: Django Template Layer Role - Quiz 1: 20 questions
INFO - 06 Chapter 6: Django Template Layer Role - Quiz 2: 20 questions
INFO - 07 Chapter 7: Authentication vs Authorization - Quiz 1: 20 questions
INFO - 07 Chapter 7: Authentication vs Authorization - Quiz 2: 20 questions
INFO - 08 Chapter 8: HTMX Primary Goal - Quiz 1: 20 questions
INFO - 08 Chapter 8: HTMX Primary Goal - Quiz 2: 20 questions
INFO - 09 Chapter 9: HTMX Update Multiple Elements - Quiz 1: 20 questions
INFO - 09 Chapter 9: HTMX Update Multiple Elements - Quiz 2: 20 questions
INFO - 10 Chapter 10: Alpine.js Primary Characteristic - Quiz 1: 20 questions
INFO - 10 Chapter 10: Alpine.js Primary Characteristic - Quiz 2: 15 questions
INFO - 12 Chapter 12: Synergy Django HTMX Alpine - Quiz 1: 24 questions
INFO - 13 Chapter 13: GCP Django Deployment Benefit - Quiz 1: 20 questions
INFO - 13 Chapter 13: GCP Django Deployment Benefit - Quiz 2: 20 questions
INFO - 14 Chapter 14: Django Infrastructure Beyond MVT - Quiz 1: 20 questions
INFO - 14 Chapter 14: Django Infrastructure Beyond MVT - Quiz 2: 20 questions
INFO Log file saved to: logs/quiz_import_20250428_215659.log
2025/04/28 22:03:05 [quiz-app-april-2025:us-central1:quiz-app-db] client closed the connection
(venv) march_ghurbal_2025@cloudshell:~/akbar_quiz_app (quiz-app-april-2025)$ 